0 info it worked if it ends with ok
1 verbose cli [ 'C:\\Users\\crima\\.webclipse\\nodejs\\7.2.1\\node.exe',
1 verbose cli   'C:\\Users\\crima\\Desktop\\Final_DAM_2016\\ProyectoAngular_\\angular2-final-cmartinez\\node_modules\\npm\\bin\\npm-cli.js',
1 verbose cli   'run',
1 verbose cli   'lite' ]
2 info using npm@3.10.10
3 info using node@v7.2.1
4 verbose run-script [ 'prelite', 'lite', 'postlite' ]
5 info lifecycle angular2-final-cmartinez@1.0.0~prelite: angular2-final-cmartinez@1.0.0
6 silly lifecycle angular2-final-cmartinez@1.0.0~prelite: no script for prelite, continuing
7 info lifecycle angular2-final-cmartinez@1.0.0~lite: angular2-final-cmartinez@1.0.0
8 verbose lifecycle angular2-final-cmartinez@1.0.0~lite: unsafe-perm in lifecycle true
9 verbose lifecycle angular2-final-cmartinez@1.0.0~lite: PATH: C:\Users\crima\Desktop\Final_DAM_2016\ProyectoAngular_\angular2-final-cmartinez\node_modules\npm\bin\node-gyp-bin;C:\Users\crima\Desktop\Final_DAM_2016\ProyectoAngular_\angular2-final-cmartinez\node_modules\.bin;C:\Users\crima\.webclipse\npm\3.10.10\bin\node-gyp-bin;C:\Users\crima\Desktop\Final_DAM_2016\ProyectoAngular_\angular2-final-cmartinez\node_modules\.bin;C:\Users\crima\.webclipse\npm\3.10.10\bin;C:\Users\crima\.webclipse\nodejs\7.2.1;C:\Users\crima\bin;C:\Users\crima\.webclipse\git-bash\mingw32\bin;C:\Users\crima\.webclipse\git-bash\usr\local\bin;C:\Users\crima\.webclipse\git-bash\usr\bin;C:\Users\crima\.webclipse\git-bash\usr\bin;C:\Users\crima\.webclipse\git-bash\mingw32\bin;C:\Users\crima\.webclipse\git-bash\usr\bin;C:\Users\crima\bin;C:\Program Files\Java\jre1.8.0_111\bin\client;C:\Program Files\Java\jre1.8.0_111\bin;C:\Program Files\Java\jre1.8.0_111\lib\i386;C:\Oracle\OracleXE\app\oracle\product\11.2.0\server\bin;C:\ProgramData\Oracle\Java\javapath;C:\WINDOWS\system32;C:\WINDOWS;C:\WINDOWS\System32\Wbem;C:\WINDOWS\System32\WindowsPowerShell\v1.0;C:\Program Files\ATI Technologies\ATI.ACE\Core-Static;C:\Program Files\AMD\ATI.ACE\Core-Static;C:\Program Files\Windows Live\Shared;C:\Program Files\Microsoft SQL Server\110\Tools\Binn;C:\Program Files\Microsoft\Web Platform Installer;C:\Program Files\Microsoft ASP.NET\ASP.NET Web Pages\v1.0;C:\Program Files\nodejs;C:\Users\crima\AppData\Local\atom\bin;C:\Program Files\Microsoft VS Code\bin;C:\Users\crima\AppData\Roaming\npm;C:\Users\crima\Desktop\eclipse-jee-neon-1a-win32\angular-ide;C:\Users\crima\.webclipse\git-bash\usr\bin\vendor_perl;C:\Users\crima\.webclipse\git-bash\usr\bin\core_perl;C:\Users\crima\Desktop\Final_DAM_2016\ProyectoAngular_\angular2-final-cmartinez\node_modules\.bin
10 verbose lifecycle angular2-final-cmartinez@1.0.0~lite: CWD: C:\Users\crima\Desktop\Final_DAM_2016\ProyectoAngular_\angular2-final-cmartinez
11 silly lifecycle angular2-final-cmartinez@1.0.0~lite: Args: [ '/d /s /c', 'lite-server' ]
12 silly lifecycle angular2-final-cmartinez@1.0.0~lite: Returned: code: 3221225786  signal: null
13 info lifecycle angular2-final-cmartinez@1.0.0~lite: Failed to exec lite script
14 verbose stack Error: angular2-final-cmartinez@1.0.0 lite: `lite-server`
14 verbose stack Exit status 3221225786
14 verbose stack     at EventEmitter.<anonymous> (C:\Users\crima\Desktop\Final_DAM_2016\ProyectoAngular_\angular2-final-cmartinez\node_modules\npm\lib\utils\lifecycle.js:255:16)
14 verbose stack     at emitTwo (events.js:106:13)
14 verbose stack     at EventEmitter.emit (events.js:191:7)
14 verbose stack     at ChildProcess.<anonymous> (C:\Users\crima\Desktop\Final_DAM_2016\ProyectoAngular_\angular2-final-cmartinez\node_modules\npm\lib\utils\spawn.js:40:14)
14 verbose stack     at emitTwo (events.js:106:13)
14 verbose stack     at ChildProcess.emit (events.js:191:7)
14 verbose stack     at maybeClose (internal/child_process.js:885:16)
14 verbose stack     at Process.ChildProcess._handle.onexit (internal/child_process.js:226:5)
15 verbose pkgid angular2-final-cmartinez@1.0.0
16 verbose cwd C:\Users\crima\Desktop\Final_DAM_2016\ProyectoAngular_\angular2-final-cmartinez
17 error Windows_NT 10.0.10240
18 error argv "C:\\Users\\crima\\.webclipse\\nodejs\\7.2.1\\node.exe" "C:\\Users\\crima\\Desktop\\Final_DAM_2016\\ProyectoAngular_\\angular2-final-cmartinez\\node_modules\\npm\\bin\\npm-cli.js" "run" "lite"
19 error node v7.2.1
20 error npm  v3.10.10
21 error code ELIFECYCLE
22 error angular2-final-cmartinez@1.0.0 lite: `lite-server`
22 error Exit status 3221225786
23 error Failed at the angular2-final-cmartinez@1.0.0 lite script 'lite-server'.
23 error Make sure you have the latest version of node.js and npm installed.
23 error If you do, this is most likely a problem with the angular2-final-cmartinez package,
23 error not with npm itself.
23 error Tell the author that this fails on your system:
23 error     lite-server
23 error You can get information on how to open an issue for this project with:
23 error     npm bugs angular2-final-cmartinez
23 error Or if that isn't available, you can get their info via:
23 error     npm owner ls angular2-final-cmartinez
23 error There is likely additional logging output above.
24 verbose exit [ 1, true ]
