17:25:36.386 [http-nio-8090-exec-1] INFO  e.c.core.controller.Controller - -- Listado de todos los libros -- 
17:25:38.001 [http-nio-8090-exec-1] INFO  e.c.core.controller.Controller - Se devuelve lista de libros
{"status":"OK","data":[{"id":1,"titulo":"Los tres cerditos 336","autor":"Autor1","sinopsis":"Los tres cerditos","precio":55.0},{"id":2,"titulo":"Caperucita roja 3","autor":"Autor2","sinopsis":"Caperucita roja","precio":19.99},{"id":3,"titulo":"San Jordi","autor":"Autor3","sinopsis":"San Jordi","precio":19.99},{"id":4,"titulo":"Pepa Pig","autor":"Autor4","sinopsis":"Pepa Pig","precio":19.99},{"id":5,"titulo":"Cayou","autor":"Autor5","sinopsis":"Cayou","precio":19.99}]} 
17:25:48.464 [http-nio-8090-exec-3] INFO  e.c.core.controller.Controller - -- Listado de todos los libros -- 
17:25:48.485 [http-nio-8090-exec-3] INFO  e.c.core.controller.Controller - Se devuelve lista de libros
{"status":"OK","data":[{"id":1,"titulo":"Los tres cerditos 336","autor":"Autor1","sinopsis":"Los tres cerditos","precio":55.0},{"id":2,"titulo":"Caperucita roja 3","autor":"Autor2","sinopsis":"Caperucita roja","precio":19.99},{"id":3,"titulo":"San Jordi","autor":"Autor3","sinopsis":"San Jordi","precio":19.99},{"id":4,"titulo":"Pepa Pig","autor":"Autor4","sinopsis":"Pepa Pig","precio":19.99},{"id":5,"titulo":"Cayou","autor":"Autor5","sinopsis":"Cayou","precio":19.99}]} 
17:25:56.356 [http-nio-8090-exec-5] INFO  e.c.core.controller.Controller - -- Listado de todos los libros -- 
17:25:56.366 [http-nio-8090-exec-5] INFO  e.c.core.controller.Controller - Se devuelve lista de libros
{"status":"OK","data":[{"id":1,"titulo":"Los tres cerditos 336","autor":"Autor1","sinopsis":"Los tres cerditos","precio":55.0},{"id":2,"titulo":"Caperucita roja 3","autor":"Autor2","sinopsis":"Caperucita roja","precio":19.99},{"id":3,"titulo":"San Jordi","autor":"Autor3","sinopsis":"San Jordi","precio":19.99},{"id":4,"titulo":"Pepa Pig","autor":"Autor4","sinopsis":"Pepa Pig","precio":19.99},{"id":5,"titulo":"Cayou","autor":"Autor5","sinopsis":"Cayou","precio":19.99}]} 
17:26:19.327 [http-nio-8090-exec-8] INFO  e.c.core.controller.Controller - -- Recuperacion de libro con 1 -- 
17:26:19.373 [http-nio-8090-exec-8] INFO  e.c.core.controller.Controller - Libro recuperado correctamente 
17:26:20.636 [http-nio-8090-exec-9] INFO  e.c.core.controller.Controller - -- Listado de todos los libros -- 
17:26:20.654 [http-nio-8090-exec-9] INFO  e.c.core.controller.Controller - Se devuelve lista de libros
{"status":"OK","data":[{"id":1,"titulo":"Los tres cerditos 336","autor":"Autor1","sinopsis":"Los tres cerditos","precio":55.0},{"id":2,"titulo":"Caperucita roja 3","autor":"Autor2","sinopsis":"Caperucita roja","precio":19.99},{"id":3,"titulo":"San Jordi","autor":"Autor3","sinopsis":"San Jordi","precio":19.99},{"id":4,"titulo":"Pepa Pig","autor":"Autor4","sinopsis":"Pepa Pig","precio":19.99},{"id":5,"titulo":"Cayou","autor":"Autor5","sinopsis":"Cayou","precio":19.99}]} 
17:26:21.568 [http-nio-8090-exec-10] INFO  e.c.core.controller.Controller - -- Recuperacion de libro con 1 -- 
17:26:21.574 [http-nio-8090-exec-10] INFO  e.c.core.controller.Controller - Libro recuperado correctamente 
17:26:23.363 [http-nio-8090-exec-1] INFO  e.c.core.controller.Controller - -- Listado de todos los libros -- 
17:26:23.371 [http-nio-8090-exec-1] INFO  e.c.core.controller.Controller - Se devuelve lista de libros
{"status":"OK","data":[{"id":1,"titulo":"Los tres cerditos 336","autor":"Autor1","sinopsis":"Los tres cerditos","precio":55.0},{"id":2,"titulo":"Caperucita roja 3","autor":"Autor2","sinopsis":"Caperucita roja","precio":19.99},{"id":3,"titulo":"San Jordi","autor":"Autor3","sinopsis":"San Jordi","precio":19.99},{"id":4,"titulo":"Pepa Pig","autor":"Autor4","sinopsis":"Pepa Pig","precio":19.99},{"id":5,"titulo":"Cayou","autor":"Autor5","sinopsis":"Cayou","precio":19.99}]} 
17:26:29.301 [http-nio-8090-exec-4] INFO  e.c.core.controller.Controller - -- Eliminacion del libro con id 5 -- 
17:26:29.569 [http-nio-8090-exec-4] INFO  e.c.core.controller.Controller - Libro eliminado correctamente 
17:26:29.584 [http-nio-8090-exec-5] INFO  e.c.core.controller.Controller - -- Listado de todos los libros -- 
17:26:29.603 [http-nio-8090-exec-5] INFO  e.c.core.controller.Controller - Se devuelve lista de libros
{"status":"OK","data":[{"id":1,"titulo":"Los tres cerditos 336","autor":"Autor1","sinopsis":"Los tres cerditos","precio":55.0},{"id":2,"titulo":"Caperucita roja 3","autor":"Autor2","sinopsis":"Caperucita roja","precio":19.99},{"id":3,"titulo":"San Jordi","autor":"Autor3","sinopsis":"San Jordi","precio":19.99},{"id":4,"titulo":"Pepa Pig","autor":"Autor4","sinopsis":"Pepa Pig","precio":19.99}]} 
17:26:38.677 [http-nio-8090-exec-7] INFO  e.c.core.controller.Controller - -- Añadir libro -- 
17:26:38.677 [http-nio-8090-exec-7] INFO  e.c.core.controller.Controller - -- Se intenta añadir el titulo: 'adsdad' -- 
17:26:38.827 [http-nio-8090-exec-7] INFO  e.c.core.controller.Controller - Libro añadido correctamente 
17:26:38.911 [http-nio-8090-exec-8] INFO  e.c.core.controller.Controller - -- Listado de todos los libros -- 
17:26:38.925 [http-nio-8090-exec-8] INFO  e.c.core.controller.Controller - Se devuelve lista de libros
{"status":"OK","data":[{"id":1,"titulo":"Los tres cerditos 336","autor":"Autor1","sinopsis":"Los tres cerditos","precio":55.0},{"id":2,"titulo":"Caperucita roja 3","autor":"Autor2","sinopsis":"Caperucita roja","precio":19.99},{"id":3,"titulo":"San Jordi","autor":"Autor3","sinopsis":"San Jordi","precio":19.99},{"id":4,"titulo":"Pepa Pig","autor":"Autor4","sinopsis":"Pepa Pig","precio":19.99},{"id":6,"titulo":"adsdad","autor":"asdasd","sinopsis":"adasdad","precio":1.0}]} 
21:56:50.479 [http-nio-8090-exec-1] INFO  e.c.core.controller.Controller - -- Listado de todos los libros -- 
21:56:51.189 [http-nio-8090-exec-1] INFO  e.c.core.controller.Controller - Se devuelve lista de libros
{"status":"OK","data":[{"id":1,"titulo":"Los tres cerditos 336","autor":"Autor1","sinopsis":"Los tres cerditos","precio":55.0},{"id":2,"titulo":"Caperucita roja 3","autor":"Autor2","sinopsis":"Caperucita roja","precio":19.99},{"id":3,"titulo":"San Jordi","autor":"Autor3","sinopsis":"San Jordi","precio":19.99},{"id":4,"titulo":"Pepa Pig","autor":"Autor4","sinopsis":"Pepa Pig","precio":19.99},{"id":5,"titulo":"Cayou","autor":"Autor5","sinopsis":"Cayou","precio":19.99},{"id":6,"titulo":"adsdad","autor":"asdasd","sinopsis":"adasdad","precio":1.0}]} 
21:57:06.590 [http-nio-8090-exec-3] INFO  e.c.core.controller.Controller - -- Listado de todos los libros -- 
21:57:06.603 [http-nio-8090-exec-3] INFO  e.c.core.controller.Controller - Se devuelve lista de libros
{"status":"OK","data":[{"id":1,"titulo":"Los tres cerditos 336","autor":"Autor1","sinopsis":"Los tres cerditos","precio":55.0},{"id":2,"titulo":"Caperucita roja 3","autor":"Autor2","sinopsis":"Caperucita roja","precio":19.99},{"id":3,"titulo":"San Jordi","autor":"Autor3","sinopsis":"San Jordi","precio":19.99},{"id":4,"titulo":"Pepa Pig","autor":"Autor4","sinopsis":"Pepa Pig","precio":19.99},{"id":5,"titulo":"Cayou","autor":"Autor5","sinopsis":"Cayou","precio":19.99},{"id":6,"titulo":"adsdad","autor":"asdasd","sinopsis":"adasdad","precio":1.0}]} 
21:58:45.854 [http-nio-8090-exec-5] INFO  e.c.core.controller.Controller - -- Listado de todos los libros -- 
21:58:45.909 [http-nio-8090-exec-5] INFO  e.c.core.controller.Controller - Se devuelve lista de libros
{"status":"OK","data":[{"id":1,"titulo":"Los tres cerditos 336","autor":"Autor1","sinopsis":"Los tres cerditos","precio":55.0},{"id":2,"titulo":"Caperucita roja 3","autor":"Autor2","sinopsis":"Caperucita roja","precio":19.99},{"id":3,"titulo":"San Jordi","autor":"Autor3","sinopsis":"San Jordi","precio":19.99},{"id":4,"titulo":"Pepa Pig","autor":"Autor4","sinopsis":"Pepa Pig","precio":19.99},{"id":5,"titulo":"Cayou","autor":"Autor5","sinopsis":"Cayou","precio":19.99},{"id":6,"titulo":"adsdad","autor":"asdasd","sinopsis":"adasdad","precio":1.0}]} 
21:59:39.234 [http-nio-8090-exec-7] INFO  e.c.core.controller.Controller - -- Listado de todos los libros -- 
21:59:39.243 [http-nio-8090-exec-7] INFO  e.c.core.controller.Controller - Se devuelve lista de libros
{"status":"OK","data":[{"id":1,"titulo":"Los tres cerditos 336","autor":"Autor1","sinopsis":"Los tres cerditos","precio":55.0},{"id":2,"titulo":"Caperucita roja 3","autor":"Autor2","sinopsis":"Caperucita roja","precio":19.99},{"id":3,"titulo":"San Jordi","autor":"Autor3","sinopsis":"San Jordi","precio":19.99},{"id":4,"titulo":"Pepa Pig","autor":"Autor4","sinopsis":"Pepa Pig","precio":19.99},{"id":5,"titulo":"Cayou","autor":"Autor5","sinopsis":"Cayou","precio":19.99},{"id":6,"titulo":"adsdad","autor":"asdasd","sinopsis":"adasdad","precio":1.0}]} 
22:00:32.105 [http-nio-8090-exec-9] INFO  e.c.core.controller.Controller - -- Listado de todos los libros -- 
22:00:32.129 [http-nio-8090-exec-9] INFO  e.c.core.controller.Controller - Se devuelve lista de libros
{"status":"OK","data":[{"id":1,"titulo":"Los tres cerditos 336","autor":"Autor1","sinopsis":"Los tres cerditos","precio":55.0},{"id":2,"titulo":"Caperucita roja 3","autor":"Autor2","sinopsis":"Caperucita roja","precio":19.99},{"id":3,"titulo":"San Jordi","autor":"Autor3","sinopsis":"San Jordi","precio":19.99},{"id":4,"titulo":"Pepa Pig","autor":"Autor4","sinopsis":"Pepa Pig","precio":19.99},{"id":5,"titulo":"Cayou","autor":"Autor5","sinopsis":"Cayou","precio":19.99},{"id":6,"titulo":"adsdad","autor":"asdasd","sinopsis":"adasdad","precio":1.0}]} 
22:00:41.113 [http-nio-8090-exec-1] INFO  e.c.core.controller.Controller - -- Listado de todos los libros -- 
22:00:41.141 [http-nio-8090-exec-1] INFO  e.c.core.controller.Controller - Se devuelve lista de libros
{"status":"OK","data":[{"id":1,"titulo":"Los tres cerditos 336","autor":"Autor1","sinopsis":"Los tres cerditos","precio":55.0},{"id":2,"titulo":"Caperucita roja 3","autor":"Autor2","sinopsis":"Caperucita roja","precio":19.99},{"id":3,"titulo":"San Jordi","autor":"Autor3","sinopsis":"San Jordi","precio":19.99},{"id":4,"titulo":"Pepa Pig","autor":"Autor4","sinopsis":"Pepa Pig","precio":19.99},{"id":5,"titulo":"Cayou","autor":"Autor5","sinopsis":"Cayou","precio":19.99},{"id":6,"titulo":"adsdad","autor":"asdasd","sinopsis":"adasdad","precio":1.0}]} 
22:01:46.081 [http-nio-8090-exec-6] INFO  e.c.core.controller.Controller - -- Añadir libro -- 
22:01:46.081 [http-nio-8090-exec-6] INFO  e.c.core.controller.Controller - -- Se intenta añadir el titulo: 'kllhjh' -- 
22:01:46.269 [http-nio-8090-exec-6] INFO  e.c.core.controller.Controller - Libro añadido correctamente 
22:01:46.341 [http-nio-8090-exec-7] INFO  e.c.core.controller.Controller - -- Listado de todos los libros -- 
22:01:46.412 [http-nio-8090-exec-7] INFO  e.c.core.controller.Controller - Se devuelve lista de libros
{"status":"OK","data":[{"id":1,"titulo":"Los tres cerditos 336","autor":"Autor1","sinopsis":"Los tres cerditos","precio":55.0},{"id":2,"titulo":"Caperucita roja 3","autor":"Autor2","sinopsis":"Caperucita roja","precio":19.99},{"id":3,"titulo":"San Jordi","autor":"Autor3","sinopsis":"San Jordi","precio":19.99},{"id":4,"titulo":"Pepa Pig","autor":"Autor4","sinopsis":"Pepa Pig","precio":19.99},{"id":5,"titulo":"Cayou","autor":"Autor5","sinopsis":"Cayou","precio":19.99},{"id":6,"titulo":"adsdad","autor":"asdasd","sinopsis":"adasdad","precio":1.0},{"id":7,"titulo":"kllhjh","autor":"jkjlk","sinopsis":"jjljlk","precio":1.0}]} 
22:02:22.423 [http-nio-8090-exec-9] INFO  e.c.core.controller.Controller - -- Listado de todos los libros -- 
22:02:22.449 [http-nio-8090-exec-9] INFO  e.c.core.controller.Controller - Se devuelve lista de libros
{"status":"OK","data":[{"id":1,"titulo":"Los tres cerditos 336","autor":"Autor1","sinopsis":"Los tres cerditos","precio":55.0},{"id":2,"titulo":"Caperucita roja 3","autor":"Autor2","sinopsis":"Caperucita roja","precio":19.99},{"id":3,"titulo":"San Jordi","autor":"Autor3","sinopsis":"San Jordi","precio":19.99},{"id":4,"titulo":"Pepa Pig","autor":"Autor4","sinopsis":"Pepa Pig","precio":19.99},{"id":5,"titulo":"Cayou","autor":"Autor5","sinopsis":"Cayou","precio":19.99},{"id":6,"titulo":"adsdad","autor":"asdasd","sinopsis":"adasdad","precio":1.0},{"id":7,"titulo":"kllhjh","autor":"jkjlk","sinopsis":"jjljlk","precio":1.0}]} 
22:02:25.481 [http-nio-8090-exec-1] INFO  e.c.core.controller.Controller - -- Recuperacion de libro con 1 -- 
22:02:25.496 [http-nio-8090-exec-1] INFO  e.c.core.controller.Controller - Libro recuperado correctamente 
22:02:27.276 [http-nio-8090-exec-3] INFO  e.c.core.controller.Controller - -- Edicion de libro con id 1 -- 
22:02:27.286 [http-nio-8090-exec-3] INFO  e.c.core.controller.Controller - Libro modificado correctamente 
22:02:27.328 [http-nio-8090-exec-4] INFO  e.c.core.controller.Controller - -- Listado de todos los libros -- 
22:02:27.400 [http-nio-8090-exec-4] INFO  e.c.core.controller.Controller - Se devuelve lista de libros
{"status":"OK","data":[{"id":1,"titulo":"Los tres cerditos 336","autor":"Autor1","sinopsis":"Los tres cerditos","precio":55.0},{"id":2,"titulo":"Caperucita roja 3","autor":"Autor2","sinopsis":"Caperucita roja","precio":19.99},{"id":3,"titulo":"San Jordi","autor":"Autor3","sinopsis":"San Jordi","precio":19.99},{"id":4,"titulo":"Pepa Pig","autor":"Autor4","sinopsis":"Pepa Pig","precio":19.99},{"id":5,"titulo":"Cayou","autor":"Autor5","sinopsis":"Cayou","precio":19.99},{"id":6,"titulo":"adsdad","autor":"asdasd","sinopsis":"adasdad","precio":1.0},{"id":7,"titulo":"kllhjh","autor":"jkjlk","sinopsis":"jjljlk","precio":1.0}]} 
23:25:03.413 [http-nio-8090-exec-8] INFO  e.c.core.controller.Controller - -- Listado de todos los libros -- 
23:25:05.163 [http-nio-8090-exec-8] INFO  e.c.core.controller.Controller - Se devuelve lista de libros
{"status":"OK","data":[{"id":1,"titulo":"Los tres cerditos 336","autor":"Autor1","sinopsis":"Los tres cerditos","precio":55.0},{"id":2,"titulo":"Caperucita roja 3","autor":"Autor2","sinopsis":"Caperucita roja","precio":19.99},{"id":3,"titulo":"San Jordi","autor":"Autor3","sinopsis":"San Jordi","precio":19.99},{"id":4,"titulo":"Pepa Pig","autor":"Autor4","sinopsis":"Pepa Pig","precio":19.99},{"id":5,"titulo":"Cayou","autor":"Autor5","sinopsis":"Cayou","precio":19.99},{"id":6,"titulo":"adsdad","autor":"asdasd","sinopsis":"adasdad","precio":1.0},{"id":7,"titulo":"kllhjh","autor":"jkjlk","sinopsis":"jjljlk","precio":1.0}]} 
23:28:39.000 [http-nio-8090-exec-10] INFO  e.c.core.controller.Controller - -- Listado de todos los libros -- 
23:28:39.107 [http-nio-8090-exec-10] INFO  e.c.core.controller.Controller - Se devuelve lista de libros
{"status":"OK","data":[{"id":1,"titulo":"Los tres cerditos 336","autor":"Autor1","sinopsis":"Los tres cerditos","precio":55.0},{"id":2,"titulo":"Caperucita roja 3","autor":"Autor2","sinopsis":"Caperucita roja","precio":19.99},{"id":3,"titulo":"San Jordi","autor":"Autor3","sinopsis":"San Jordi","precio":19.99},{"id":4,"titulo":"Pepa Pig","autor":"Autor4","sinopsis":"Pepa Pig","precio":19.99},{"id":5,"titulo":"Cayou","autor":"Autor5","sinopsis":"Cayou","precio":19.99},{"id":6,"titulo":"adsdad","autor":"asdasd","sinopsis":"adasdad","precio":1.0},{"id":7,"titulo":"kllhjh","autor":"jkjlk","sinopsis":"jjljlk","precio":1.0}]} 
23:30:53.952 [http-nio-8090-exec-2] INFO  e.c.core.controller.Controller - -- Listado de todos los libros -- 
23:30:53.992 [http-nio-8090-exec-2] INFO  e.c.core.controller.Controller - Se devuelve lista de libros
{"status":"OK","data":[{"id":1,"titulo":"Los tres cerditos 336","autor":"Autor1","sinopsis":"Los tres cerditos","precio":55.0},{"id":2,"titulo":"Caperucita roja 3","autor":"Autor2","sinopsis":"Caperucita roja","precio":19.99},{"id":3,"titulo":"San Jordi","autor":"Autor3","sinopsis":"San Jordi","precio":19.99},{"id":4,"titulo":"Pepa Pig","autor":"Autor4","sinopsis":"Pepa Pig","precio":19.99},{"id":5,"titulo":"Cayou","autor":"Autor5","sinopsis":"Cayou","precio":19.99},{"id":6,"titulo":"adsdad","autor":"asdasd","sinopsis":"adasdad","precio":1.0},{"id":7,"titulo":"kllhjh","autor":"jkjlk","sinopsis":"jjljlk","precio":1.0}]} 
