01:43:45.999 [http-nio-8090-exec-4] INFO  e.c.core.controller.Controller - -- Listado de todos los libros -- 
01:43:46.815 [http-nio-8090-exec-4] INFO  e.c.core.controller.Controller - Se devuelve lista de libros
{"status":"OK","data":[{"id":1,"titulo":"Los tres cerditos 336","autor":"Autor1","sinopsis":"Los tres cerditos","precio":55.0},{"id":2,"titulo":"Caperucita roja 3","autor":"Autor2","sinopsis":"Caperucita roja","precio":19.99},{"id":3,"titulo":"San Jordi","autor":"Autor3","sinopsis":"San Jordi","precio":19.99},{"id":4,"titulo":"Pepa Pig","autor":"Autor4","sinopsis":"Pepa Pig","precio":19.99},{"id":5,"titulo":"Cayou","autor":"Autor5","sinopsis":"Cayou","precio":19.99},{"id":6,"titulo":"adsdad","autor":"asdasd","sinopsis":"adasdad","precio":1.0},{"id":7,"titulo":"kllhjh","autor":"jkjlk","sinopsis":"jjljlk","precio":1.0}]} 
02:30:56.563 [http-nio-8090-exec-1] INFO  e.c.core.controller.Controller - -- Listado de todos los libros -- 
02:30:57.204 [http-nio-8090-exec-1] INFO  e.c.core.controller.Controller - Se devuelve lista de libros
{"status":"OK","data":[{"id":1,"titulo":"Los tres cerditos 336","autor":"Autor1","sinopsis":"Los tres cerditos","precio":55.0},{"id":2,"titulo":"Caperucita roja 3","autor":"Autor2","sinopsis":"Caperucita roja","precio":19.99},{"id":3,"titulo":"San Jordi","autor":"Autor3","sinopsis":"San Jordi","precio":19.99},{"id":4,"titulo":"Pepa Pig","autor":"Autor4","sinopsis":"Pepa Pig","precio":19.99},{"id":5,"titulo":"Cayou","autor":"Autor5","sinopsis":"Cayou","precio":19.99},{"id":6,"titulo":"adsdad","autor":"asdasd","sinopsis":"adasdad","precio":1.0},{"id":7,"titulo":"kllhjh","autor":"jkjlk","sinopsis":"jjljlk","precio":1.0}]} 
02:31:06.040 [http-nio-8090-exec-6] INFO  e.c.core.controller.Controller - -- Recuperacion de libro con 1 -- 
02:31:06.069 [http-nio-8090-exec-6] INFO  e.c.core.controller.Controller - Libro recuperado correctamente 
18:44:01.689 [http-nio-8090-exec-1] INFO  e.c.core.controller.Controller - -- Listado de todos los libros -- 
18:44:02.616 [http-nio-8090-exec-1] INFO  e.c.core.controller.Controller - Se devuelve lista de libros
{"status":"OK","data":[{"id":1,"titulo":"Los tres cerditos 336","autor":"Autor1","sinopsis":"Los tres cerditos","precio":55.0},{"id":2,"titulo":"Caperucita roja 3","autor":"Autor2","sinopsis":"Caperucita roja","precio":19.99},{"id":3,"titulo":"San Jordi","autor":"Autor3","sinopsis":"San Jordi","precio":19.99},{"id":4,"titulo":"Pepa Pig","autor":"Autor4","sinopsis":"Pepa Pig","precio":19.99},{"id":5,"titulo":"Cayou","autor":"Autor5","sinopsis":"Cayou","precio":19.99},{"id":6,"titulo":"adsdad","autor":"asdasd","sinopsis":"adasdad","precio":1.0},{"id":7,"titulo":"kllhjh","autor":"jkjlk","sinopsis":"jjljlk","precio":1.0}]} 
18:44:14.389 [http-nio-8090-exec-4] INFO  e.c.core.controller.Controller - -- Recuperacion de libro con 1 -- 
18:44:14.417 [http-nio-8090-exec-4] INFO  e.c.core.controller.Controller - Libro recuperado correctamente 
18:44:35.211 [http-nio-8090-exec-6] INFO  e.c.core.controller.Controller - -- Listado de todos los libros -- 
18:44:35.230 [http-nio-8090-exec-6] INFO  e.c.core.controller.Controller - Se devuelve lista de libros
{"status":"OK","data":[{"id":1,"titulo":"Los tres cerditos 336","autor":"Autor1","sinopsis":"Los tres cerditos","precio":55.0},{"id":2,"titulo":"Caperucita roja 3","autor":"Autor2","sinopsis":"Caperucita roja","precio":19.99},{"id":3,"titulo":"San Jordi","autor":"Autor3","sinopsis":"San Jordi","precio":19.99},{"id":4,"titulo":"Pepa Pig","autor":"Autor4","sinopsis":"Pepa Pig","precio":19.99},{"id":5,"titulo":"Cayou","autor":"Autor5","sinopsis":"Cayou","precio":19.99},{"id":6,"titulo":"adsdad","autor":"asdasd","sinopsis":"adasdad","precio":1.0},{"id":7,"titulo":"kllhjh","autor":"jkjlk","sinopsis":"jjljlk","precio":1.0}]} 
18:44:41.993 [http-nio-8090-exec-8] INFO  e.c.core.controller.Controller - -- Recuperacion de libro con 1 -- 
18:44:41.997 [http-nio-8090-exec-8] INFO  e.c.core.controller.Controller - Libro recuperado correctamente 
18:44:43.794 [http-nio-8090-exec-9] INFO  e.c.core.controller.Controller - -- Listado de todos los libros -- 
18:44:43.803 [http-nio-8090-exec-9] INFO  e.c.core.controller.Controller - Se devuelve lista de libros
{"status":"OK","data":[{"id":1,"titulo":"Los tres cerditos 336","autor":"Autor1","sinopsis":"Los tres cerditos","precio":55.0},{"id":2,"titulo":"Caperucita roja 3","autor":"Autor2","sinopsis":"Caperucita roja","precio":19.99},{"id":3,"titulo":"San Jordi","autor":"Autor3","sinopsis":"San Jordi","precio":19.99},{"id":4,"titulo":"Pepa Pig","autor":"Autor4","sinopsis":"Pepa Pig","precio":19.99},{"id":5,"titulo":"Cayou","autor":"Autor5","sinopsis":"Cayou","precio":19.99},{"id":6,"titulo":"adsdad","autor":"asdasd","sinopsis":"adasdad","precio":1.0},{"id":7,"titulo":"kllhjh","autor":"jkjlk","sinopsis":"jjljlk","precio":1.0}]} 
18:44:45.795 [http-nio-8090-exec-10] INFO  e.c.core.controller.Controller - -- Recuperacion de libro con 1 -- 
18:44:45.802 [http-nio-8090-exec-10] INFO  e.c.core.controller.Controller - Libro recuperado correctamente 
18:44:50.354 [http-nio-8090-exec-3] INFO  e.c.core.controller.Controller - -- Edicion de libro con id 1 -- 
18:44:50.438 [http-nio-8090-exec-3] INFO  e.c.core.controller.Controller - Libro modificado correctamente 
18:44:50.460 [http-nio-8090-exec-4] INFO  e.c.core.controller.Controller - -- Listado de todos los libros -- 
18:44:50.482 [http-nio-8090-exec-4] INFO  e.c.core.controller.Controller - Se devuelve lista de libros
{"status":"OK","data":[{"id":1,"titulo":"Los tres cerditos 3367","autor":"Autor1","sinopsis":"Los tres cerditos","precio":55.0},{"id":2,"titulo":"Caperucita roja 3","autor":"Autor2","sinopsis":"Caperucita roja","precio":19.99},{"id":3,"titulo":"San Jordi","autor":"Autor3","sinopsis":"San Jordi","precio":19.99},{"id":4,"titulo":"Pepa Pig","autor":"Autor4","sinopsis":"Pepa Pig","precio":19.99},{"id":5,"titulo":"Cayou","autor":"Autor5","sinopsis":"Cayou","precio":19.99},{"id":6,"titulo":"adsdad","autor":"asdasd","sinopsis":"adasdad","precio":1.0},{"id":7,"titulo":"kllhjh","autor":"jkjlk","sinopsis":"jjljlk","precio":1.0}]} 
18:44:59.799 [http-nio-8090-exec-7] INFO  e.c.core.controller.Controller - -- Eliminacion del libro con id 7 -- 
18:44:59.883 [http-nio-8090-exec-7] INFO  e.c.core.controller.Controller - Libro eliminado correctamente 
18:44:59.897 [http-nio-8090-exec-8] INFO  e.c.core.controller.Controller - -- Listado de todos los libros -- 
18:44:59.903 [http-nio-8090-exec-8] INFO  e.c.core.controller.Controller - Se devuelve lista de libros
{"status":"OK","data":[{"id":1,"titulo":"Los tres cerditos 3367","autor":"Autor1","sinopsis":"Los tres cerditos","precio":55.0},{"id":2,"titulo":"Caperucita roja 3","autor":"Autor2","sinopsis":"Caperucita roja","precio":19.99},{"id":3,"titulo":"San Jordi","autor":"Autor3","sinopsis":"San Jordi","precio":19.99},{"id":4,"titulo":"Pepa Pig","autor":"Autor4","sinopsis":"Pepa Pig","precio":19.99},{"id":5,"titulo":"Cayou","autor":"Autor5","sinopsis":"Cayou","precio":19.99},{"id":6,"titulo":"adsdad","autor":"asdasd","sinopsis":"adasdad","precio":1.0}]} 
18:45:13.989 [http-nio-8090-exec-1] INFO  e.c.core.controller.Controller - -- Añadir libro -- 
18:45:13.989 [http-nio-8090-exec-1] INFO  e.c.core.controller.Controller - -- Se intenta añadir el titulo: 'kjhlkjlk' -- 
18:45:14.043 [http-nio-8090-exec-1] INFO  e.c.core.controller.Controller - Libro añadido correctamente 
18:45:14.059 [http-nio-8090-exec-2] INFO  e.c.core.controller.Controller - -- Listado de todos los libros -- 
18:45:14.090 [http-nio-8090-exec-2] INFO  e.c.core.controller.Controller - Se devuelve lista de libros
{"status":"OK","data":[{"id":1,"titulo":"Los tres cerditos 3367","autor":"Autor1","sinopsis":"Los tres cerditos","precio":55.0},{"id":2,"titulo":"Caperucita roja 3","autor":"Autor2","sinopsis":"Caperucita roja","precio":19.99},{"id":3,"titulo":"San Jordi","autor":"Autor3","sinopsis":"San Jordi","precio":19.99},{"id":4,"titulo":"Pepa Pig","autor":"Autor4","sinopsis":"Pepa Pig","precio":19.99},{"id":5,"titulo":"Cayou","autor":"Autor5","sinopsis":"Cayou","precio":19.99},{"id":6,"titulo":"adsdad","autor":"asdasd","sinopsis":"adasdad","precio":1.0},{"id":8,"titulo":"kjhlkjlk","autor":"kkjñlkñl","sinopsis":"kjlkjljlñk","precio":1.0}]} 
18:45:30.978 [http-nio-8090-exec-6] INFO  e.c.core.controller.Controller - -- Listado de todos los libros -- 
18:45:30.991 [http-nio-8090-exec-6] INFO  e.c.core.controller.Controller - Se devuelve lista de libros
{"status":"OK","data":[{"id":1,"titulo":"Los tres cerditos 3367","autor":"Autor1","sinopsis":"Los tres cerditos","precio":55.0},{"id":2,"titulo":"Caperucita roja 3","autor":"Autor2","sinopsis":"Caperucita roja","precio":19.99},{"id":3,"titulo":"San Jordi","autor":"Autor3","sinopsis":"San Jordi","precio":19.99},{"id":4,"titulo":"Pepa Pig","autor":"Autor4","sinopsis":"Pepa Pig","precio":19.99},{"id":5,"titulo":"Cayou","autor":"Autor5","sinopsis":"Cayou","precio":19.99},{"id":6,"titulo":"adsdad","autor":"asdasd","sinopsis":"adasdad","precio":1.0},{"id":8,"titulo":"kjhlkjlk","autor":"kkjñlkñl","sinopsis":"kjlkjljlñk","precio":1.0}]} 
18:45:51.102 [http-nio-8090-exec-8] INFO  e.c.core.controller.Controller - Solicitado libro aleatorio 
18:45:51.140 [http-nio-8090-exec-8] INFO  e.c.core.controller.Controller - Devuelto libro aleatorio 
18:45:53.239 [http-nio-8090-exec-9] INFO  e.c.core.controller.Controller - -- Listado de todos los libros -- 
18:45:53.246 [http-nio-8090-exec-9] INFO  e.c.core.controller.Controller - Se devuelve lista de libros
{"status":"OK","data":[{"id":1,"titulo":"Los tres cerditos 3367","autor":"Autor1","sinopsis":"Los tres cerditos","precio":55.0},{"id":2,"titulo":"Caperucita roja 3","autor":"Autor2","sinopsis":"Caperucita roja","precio":19.99},{"id":3,"titulo":"San Jordi","autor":"Autor3","sinopsis":"San Jordi","precio":19.99},{"id":4,"titulo":"Pepa Pig","autor":"Autor4","sinopsis":"Pepa Pig","precio":19.99},{"id":5,"titulo":"Cayou","autor":"Autor5","sinopsis":"Cayou","precio":19.99},{"id":6,"titulo":"adsdad","autor":"asdasd","sinopsis":"adasdad","precio":1.0},{"id":8,"titulo":"kjhlkjlk","autor":"kkjñlkñl","sinopsis":"kjlkjljlñk","precio":1.0}]} 
18:45:54.277 [http-nio-8090-exec-10] INFO  e.c.core.controller.Controller - Solicitado libro aleatorio 
18:45:54.290 [http-nio-8090-exec-10] INFO  e.c.core.controller.Controller - Devuelto libro aleatorio 
18:45:55.918 [http-nio-8090-exec-1] INFO  e.c.core.controller.Controller - -- Listado de todos los libros -- 
18:45:55.925 [http-nio-8090-exec-1] INFO  e.c.core.controller.Controller - Se devuelve lista de libros
{"status":"OK","data":[{"id":1,"titulo":"Los tres cerditos 3367","autor":"Autor1","sinopsis":"Los tres cerditos","precio":55.0},{"id":2,"titulo":"Caperucita roja 3","autor":"Autor2","sinopsis":"Caperucita roja","precio":19.99},{"id":3,"titulo":"San Jordi","autor":"Autor3","sinopsis":"San Jordi","precio":19.99},{"id":4,"titulo":"Pepa Pig","autor":"Autor4","sinopsis":"Pepa Pig","precio":19.99},{"id":5,"titulo":"Cayou","autor":"Autor5","sinopsis":"Cayou","precio":19.99},{"id":6,"titulo":"adsdad","autor":"asdasd","sinopsis":"adasdad","precio":1.0},{"id":8,"titulo":"kjhlkjlk","autor":"kkjñlkñl","sinopsis":"kjlkjljlñk","precio":1.0}]} 
18:45:56.779 [http-nio-8090-exec-2] INFO  e.c.core.controller.Controller - Solicitado libro aleatorio 
18:45:56.792 [http-nio-8090-exec-2] INFO  e.c.core.controller.Controller - Devuelto libro aleatorio 
18:45:58.689 [http-nio-8090-exec-4] INFO  e.c.core.controller.Controller - -- Listado de todos los libros -- 
18:45:58.697 [http-nio-8090-exec-4] INFO  e.c.core.controller.Controller - Se devuelve lista de libros
{"status":"OK","data":[{"id":1,"titulo":"Los tres cerditos 3367","autor":"Autor1","sinopsis":"Los tres cerditos","precio":55.0},{"id":2,"titulo":"Caperucita roja 3","autor":"Autor2","sinopsis":"Caperucita roja","precio":19.99},{"id":3,"titulo":"San Jordi","autor":"Autor3","sinopsis":"San Jordi","precio":19.99},{"id":4,"titulo":"Pepa Pig","autor":"Autor4","sinopsis":"Pepa Pig","precio":19.99},{"id":5,"titulo":"Cayou","autor":"Autor5","sinopsis":"Cayou","precio":19.99},{"id":6,"titulo":"adsdad","autor":"asdasd","sinopsis":"adasdad","precio":1.0},{"id":8,"titulo":"kjhlkjlk","autor":"kkjñlkñl","sinopsis":"kjlkjljlñk","precio":1.0}]} 
18:45:59.542 [http-nio-8090-exec-5] INFO  e.c.core.controller.Controller - Solicitado libro aleatorio 
18:45:59.554 [http-nio-8090-exec-5] INFO  e.c.core.controller.Controller - Devuelto libro aleatorio 
18:46:03.948 [http-nio-8090-exec-6] INFO  e.c.core.controller.Controller - -- Listado de todos los libros -- 
18:46:03.962 [http-nio-8090-exec-6] INFO  e.c.core.controller.Controller - Se devuelve lista de libros
{"status":"OK","data":[{"id":1,"titulo":"Los tres cerditos 3367","autor":"Autor1","sinopsis":"Los tres cerditos","precio":55.0},{"id":2,"titulo":"Caperucita roja 3","autor":"Autor2","sinopsis":"Caperucita roja","precio":19.99},{"id":3,"titulo":"San Jordi","autor":"Autor3","sinopsis":"San Jordi","precio":19.99},{"id":4,"titulo":"Pepa Pig","autor":"Autor4","sinopsis":"Pepa Pig","precio":19.99},{"id":5,"titulo":"Cayou","autor":"Autor5","sinopsis":"Cayou","precio":19.99},{"id":6,"titulo":"adsdad","autor":"asdasd","sinopsis":"adasdad","precio":1.0},{"id":8,"titulo":"kjhlkjlk","autor":"kkjñlkñl","sinopsis":"kjlkjljlñk","precio":1.0}]} 
18:46:30.194 [http-nio-8090-exec-8] INFO  e.c.core.controller.Controller - -- Listado de todos los libros -- 
18:46:30.200 [http-nio-8090-exec-8] INFO  e.c.core.controller.Controller - Se devuelve lista de libros
{"status":"OK","data":[{"id":1,"titulo":"Los tres cerditos 3367","autor":"Autor1","sinopsis":"Los tres cerditos","precio":55.0},{"id":2,"titulo":"Caperucita roja 3","autor":"Autor2","sinopsis":"Caperucita roja","precio":19.99},{"id":3,"titulo":"San Jordi","autor":"Autor3","sinopsis":"San Jordi","precio":19.99},{"id":4,"titulo":"Pepa Pig","autor":"Autor4","sinopsis":"Pepa Pig","precio":19.99},{"id":5,"titulo":"Cayou","autor":"Autor5","sinopsis":"Cayou","precio":19.99},{"id":6,"titulo":"adsdad","autor":"asdasd","sinopsis":"adasdad","precio":1.0},{"id":8,"titulo":"kjhlkjlk","autor":"kkjñlkñl","sinopsis":"kjlkjljlñk","precio":1.0}]} 
19:22:35.275 [http-nio-8090-exec-10] INFO  e.c.core.controller.Controller - -- Listado de todos los libros -- 
19:22:35.328 [http-nio-8090-exec-10] INFO  e.c.core.controller.Controller - Se devuelve lista de libros
{"status":"OK","data":[{"id":1,"titulo":"Los tres cerditos 3367","autor":"Autor1","sinopsis":"Los tres cerditos","precio":55.0},{"id":2,"titulo":"Caperucita roja 3","autor":"Autor2","sinopsis":"Caperucita roja","precio":19.99},{"id":3,"titulo":"San Jordi","autor":"Autor3","sinopsis":"San Jordi","precio":19.99},{"id":4,"titulo":"Pepa Pig","autor":"Autor4","sinopsis":"Pepa Pig","precio":19.99},{"id":5,"titulo":"Cayou","autor":"Autor5","sinopsis":"Cayou","precio":19.99},{"id":6,"titulo":"adsdad","autor":"asdasd","sinopsis":"adasdad","precio":1.0},{"id":8,"titulo":"kjhlkjlk","autor":"kkjñlkñl","sinopsis":"kjlkjljlñk","precio":1.0}]} 
19:22:56.697 [http-nio-8090-exec-2] INFO  e.c.core.controller.Controller - -- Recuperacion de libro con 1 -- 
19:22:56.701 [http-nio-8090-exec-2] INFO  e.c.core.controller.Controller - Libro recuperado correctamente 
