2016-11-26 23:55:28,292 [Worker-7] INFO  o.e.m.c.i.l.LifecycleMappingFactory - Using NULL lifecycle mapping for MavenProject: es.crimarde:ServicioRest:0.1.0 @ C:\Users\crima\Desktop\Final_DAM_2016\ProyectoServidor\ServicioRest\pom.xml.
2016-11-26 23:55:45,781 [Worker-2] INFO  o.e.m.c.i.l.LifecycleMappingFactory - Using org.maven.ide.eclipse.wtp.WarLifecycleMapping lifecycle mapping for MavenProject: es.crimarde:core:0.1.0 @ C:\Users\crima\Desktop\Final_DAM_2016\ProyectoServidor\core\pom.xml.
2016-11-26 23:56:05,872 [Worker-2] INFO  o.e.m.c.i.embedder.EclipseLogger - Using 'UTF-8' encoding to copy filtered resources.
2016-11-26 23:56:05,891 [Worker-2] INFO  o.e.m.c.i.embedder.EclipseLogger - Copying 1 resource
2016-11-26 23:56:05,912 [Worker-2] INFO  o.e.m.c.i.embedder.EclipseLogger - Copying 1 resource
2016-11-26 23:56:05,928 [Worker-2] INFO  o.e.m.c.i.embedder.EclipseLogger - Using 'UTF-8' encoding to copy filtered resources.
2016-11-26 23:56:05,928 [Worker-2] INFO  o.e.m.c.i.embedder.EclipseLogger - skip non existing resourceDirectory C:\Users\crima\Desktop\Final_DAM_2016\ProyectoServidor\core\src\test\resources
2016-11-26 23:56:07,995 [Worker-9] INFO  o.e.m.c.i.embedder.EclipseLogger - Using 'UTF-8' encoding to copy filtered resources.
2016-11-26 23:56:08,000 [Worker-9] INFO  o.e.m.c.i.embedder.EclipseLogger - Copying 1 resource
2016-11-26 23:56:08,002 [Worker-9] INFO  o.e.m.c.i.embedder.EclipseLogger - Copying 1 resource
2016-11-26 23:56:08,008 [Worker-9] INFO  o.e.m.c.i.embedder.EclipseLogger - Using 'UTF-8' encoding to copy filtered resources.
2016-11-26 23:56:08,008 [Worker-9] INFO  o.e.m.c.i.embedder.EclipseLogger - skip non existing resourceDirectory C:\Users\crima\Desktop\Final_DAM_2016\ProyectoServidor\core\src\test\resources
2016-11-26 23:56:10,598 [Worker-12] INFO  o.e.m.c.i.l.LifecycleMappingFactory - Using org.eclipse.m2e.jdt.JarLifecycleMapping lifecycle mapping for MavenProject: es.crimarde:dao:0.1.0 @ C:\Users\crima\Desktop\Final_DAM_2016\ProyectoServidor\dao\pom.xml.
2016-11-26 23:56:11,224 [Worker-12] INFO  o.e.m.c.i.l.LifecycleMappingFactory - Using org.maven.ide.eclipse.wtp.WarLifecycleMapping lifecycle mapping for MavenProject: es.crimarde:core:0.1.0 @ C:\Users\crima\Desktop\Final_DAM_2016\ProyectoServidor\core\pom.xml.
2016-11-26 23:56:13,696 [Worker-12] INFO  o.e.m.c.i.embedder.EclipseLogger - Using 'UTF-8' encoding to copy filtered resources.
2016-11-26 23:56:13,696 [Worker-12] INFO  o.e.m.c.i.embedder.EclipseLogger - Copying 1 resource
2016-11-26 23:56:13,716 [Worker-12] INFO  o.e.m.c.i.embedder.EclipseLogger - Copying 2 resources
2016-11-26 23:56:13,719 [Worker-12] INFO  o.e.m.c.i.embedder.EclipseLogger - Using 'UTF-8' encoding to copy filtered resources.
2016-11-26 23:56:13,719 [Worker-12] INFO  o.e.m.c.i.embedder.EclipseLogger - skip non existing resourceDirectory C:\Users\crima\Desktop\Final_DAM_2016\ProyectoServidor\dao\src\test\resources
2016-11-26 23:56:15,006 [Worker-2] INFO  o.e.m.c.i.embedder.EclipseLogger - Using 'UTF-8' encoding to copy filtered resources.
2016-11-26 23:56:15,091 [Worker-2] INFO  o.e.m.c.i.embedder.EclipseLogger - Copying 1 resource
2016-11-26 23:56:15,493 [Worker-2] INFO  o.e.m.c.i.embedder.EclipseLogger - Copying 2 resources
2016-11-26 23:56:15,603 [Worker-2] INFO  o.e.m.c.i.embedder.EclipseLogger - Using 'UTF-8' encoding to copy filtered resources.
2016-11-26 23:56:15,603 [Worker-2] INFO  o.e.m.c.i.embedder.EclipseLogger - skip non existing resourceDirectory C:\Users\crima\Desktop\Final_DAM_2016\ProyectoServidor\dao\src\test\resources
2016-11-26 23:56:16,703 [Worker-2] INFO  o.e.m.c.i.embedder.EclipseLogger - Using 'UTF-8' encoding to copy filtered resources.
2016-11-26 23:56:16,704 [Worker-2] INFO  o.e.m.c.i.embedder.EclipseLogger - Copying 1 resource
2016-11-26 23:56:16,736 [Worker-2] INFO  o.e.m.c.i.embedder.EclipseLogger - Copying 1 resource
2016-11-26 23:56:16,881 [Worker-2] INFO  o.e.m.c.i.embedder.EclipseLogger - Using 'UTF-8' encoding to copy filtered resources.
2016-11-26 23:56:16,885 [Worker-2] INFO  o.e.m.c.i.embedder.EclipseLogger - skip non existing resourceDirectory C:\Users\crima\Desktop\Final_DAM_2016\ProyectoServidor\core\src\test\resources
2016-11-26 23:56:18,163 [Worker-2] INFO  o.e.m.c.i.l.LifecycleMappingFactory - Using org.eclipse.m2e.jdt.JarLifecycleMapping lifecycle mapping for MavenProject: es.crimarde:service:0.1.0 @ C:\Users\crima\Desktop\Final_DAM_2016\ProyectoServidor\service\pom.xml.
2016-11-26 23:56:19,333 [Worker-2] INFO  o.e.m.c.i.l.LifecycleMappingFactory - Using org.maven.ide.eclipse.wtp.WarLifecycleMapping lifecycle mapping for MavenProject: es.crimarde:core:0.1.0 @ C:\Users\crima\Desktop\Final_DAM_2016\ProyectoServidor\core\pom.xml.
2016-11-26 23:56:24,776 [Worker-2] INFO  o.e.m.c.i.embedder.EclipseLogger - Using 'UTF-8' encoding to copy filtered resources.
2016-11-26 23:56:24,776 [Worker-2] INFO  o.e.m.c.i.embedder.EclipseLogger - skip non existing resourceDirectory C:\Users\crima\Desktop\Final_DAM_2016\ProyectoServidor\service\src\main\resources
2016-11-26 23:56:24,780 [Worker-2] INFO  o.e.m.c.i.embedder.EclipseLogger - skip non existing resourceDirectory C:\Users\crima\Desktop\Final_DAM_2016\ProyectoServidor\service\src\main\resources
2016-11-26 23:56:24,787 [Worker-2] INFO  o.e.m.c.i.embedder.EclipseLogger - Using 'UTF-8' encoding to copy filtered resources.
2016-11-26 23:56:24,787 [Worker-2] INFO  o.e.m.c.i.embedder.EclipseLogger - skip non existing resourceDirectory C:\Users\crima\Desktop\Final_DAM_2016\ProyectoServidor\service\src\test\resources
2016-11-26 23:56:27,742 [Worker-11] INFO  o.e.m.c.i.embedder.EclipseLogger - Using 'UTF-8' encoding to copy filtered resources.
2016-11-26 23:56:27,742 [Worker-11] INFO  o.e.m.c.i.embedder.EclipseLogger - skip non existing resourceDirectory C:\Users\crima\Desktop\Final_DAM_2016\ProyectoServidor\service\src\main\resources
2016-11-26 23:56:27,742 [Worker-11] INFO  o.e.m.c.i.embedder.EclipseLogger - skip non existing resourceDirectory C:\Users\crima\Desktop\Final_DAM_2016\ProyectoServidor\service\src\main\resources
2016-11-26 23:56:27,744 [Worker-11] INFO  o.e.m.c.i.embedder.EclipseLogger - Using 'UTF-8' encoding to copy filtered resources.
2016-11-26 23:56:27,748 [Worker-11] INFO  o.e.m.c.i.embedder.EclipseLogger - skip non existing resourceDirectory C:\Users\crima\Desktop\Final_DAM_2016\ProyectoServidor\service\src\test\resources
2016-11-26 23:56:29,189 [Worker-11] INFO  o.e.m.c.i.embedder.EclipseLogger - Using 'UTF-8' encoding to copy filtered resources.
2016-11-26 23:56:29,191 [Worker-11] INFO  o.e.m.c.i.embedder.EclipseLogger - Copying 1 resource
2016-11-26 23:56:29,252 [Worker-11] INFO  o.e.m.c.i.embedder.EclipseLogger - Copying 1 resource
2016-11-26 23:56:29,452 [Worker-11] INFO  o.e.m.c.i.embedder.EclipseLogger - Using 'UTF-8' encoding to copy filtered resources.
2016-11-26 23:56:29,452 [Worker-11] INFO  o.e.m.c.i.embedder.EclipseLogger - skip non existing resourceDirectory C:\Users\crima\Desktop\Final_DAM_2016\ProyectoServidor\core\src\test\resources
2016-11-26 23:56:30,602 [Worker-9] INFO  o.e.m.c.i.embedder.EclipseLogger - Using 'UTF-8' encoding to copy filtered resources.
2016-11-26 23:56:30,603 [Worker-9] INFO  o.e.m.c.i.embedder.EclipseLogger - Copying 1 resource
2016-11-26 23:56:30,976 [Worker-9] INFO  o.e.m.c.i.embedder.EclipseLogger - Copying 1 resource
2016-11-26 23:56:31,077 [Worker-9] INFO  o.e.m.c.i.embedder.EclipseLogger - Using 'UTF-8' encoding to copy filtered resources.
2016-11-26 23:56:31,082 [Worker-9] INFO  o.e.m.c.i.embedder.EclipseLogger - skip non existing resourceDirectory C:\Users\crima\Desktop\Final_DAM_2016\ProyectoServidor\core\src\test\resources
2016-11-27 00:04:34,290 [Worker-19] INFO  o.e.m.i.launch.MavenLaunchDelegate - C:\Users\crima\Desktop\Final_DAM_2016\ProyectoServidor\core
2016-11-27 00:04:34,291 [Worker-19] INFO  o.e.m.i.launch.MavenLaunchDelegate -  mvn -B clean install
2016-11-27 00:06:15,437 [Worker-20] INFO  o.e.m.c.i.embedder.EclipseLogger - Using 'UTF-8' encoding to copy filtered resources.
2016-11-27 00:06:15,437 [Worker-20] INFO  o.e.m.c.i.embedder.EclipseLogger - Copying 0 resource
2016-11-27 00:06:15,442 [Worker-20] INFO  o.e.m.c.i.embedder.EclipseLogger - Copying 0 resource
2016-11-27 00:06:15,449 [Worker-20] INFO  o.e.m.c.i.embedder.EclipseLogger - Using 'UTF-8' encoding to copy filtered resources.
2016-11-27 00:06:15,450 [Worker-20] INFO  o.e.m.c.i.embedder.EclipseLogger - skip non existing resourceDirectory C:\Users\crima\Desktop\Final_DAM_2016\ProyectoServidor\dao\src\test\resources
2016-11-27 00:06:15,461 [Worker-20] INFO  o.e.m.c.i.embedder.EclipseLogger - Using 'UTF-8' encoding to copy filtered resources.
2016-11-27 00:06:15,461 [Worker-20] INFO  o.e.m.c.i.embedder.EclipseLogger - skip non existing resourceDirectory C:\Users\crima\Desktop\Final_DAM_2016\ProyectoServidor\service\src\main\resources
2016-11-27 00:06:15,468 [Worker-20] INFO  o.e.m.c.i.embedder.EclipseLogger - skip non existing resourceDirectory C:\Users\crima\Desktop\Final_DAM_2016\ProyectoServidor\service\src\main\resources
2016-11-27 00:06:15,471 [Worker-20] INFO  o.e.m.c.i.embedder.EclipseLogger - Using 'UTF-8' encoding to copy filtered resources.
2016-11-27 00:06:15,471 [Worker-20] INFO  o.e.m.c.i.embedder.EclipseLogger - skip non existing resourceDirectory C:\Users\crima\Desktop\Final_DAM_2016\ProyectoServidor\service\src\test\resources
2016-11-27 00:06:15,502 [Worker-20] INFO  o.e.m.c.i.embedder.EclipseLogger - Using 'UTF-8' encoding to copy filtered resources.
2016-11-27 00:06:15,507 [Worker-20] INFO  o.e.m.c.i.embedder.EclipseLogger - Copying 0 resource
2016-11-27 00:06:15,507 [Worker-20] INFO  o.e.m.c.i.embedder.EclipseLogger - Copying 0 resource
2016-11-27 00:06:15,510 [Worker-20] INFO  o.e.m.c.i.embedder.EclipseLogger - Using 'UTF-8' encoding to copy filtered resources.
2016-11-27 00:06:15,510 [Worker-20] INFO  o.e.m.c.i.embedder.EclipseLogger - skip non existing resourceDirectory C:\Users\crima\Desktop\Final_DAM_2016\ProyectoServidor\core\src\test\resources
2016-11-27 00:06:34,499 [Worker-18] INFO  o.e.m.i.launch.MavenLaunchDelegate - C:\Users\crima\Desktop\Final_DAM_2016\ProyectoServidor\core
2016-11-27 00:06:34,499 [Worker-18] INFO  o.e.m.i.launch.MavenLaunchDelegate -  mvn -B clean install
2016-11-27 00:07:30,709 [Worker-20] INFO  o.e.m.c.i.embedder.EclipseLogger - Using 'UTF-8' encoding to copy filtered resources.
2016-11-27 00:07:30,711 [Worker-20] INFO  o.e.m.c.i.embedder.EclipseLogger - Copying 1 resource
2016-11-27 00:07:30,765 [Worker-20] INFO  o.e.m.c.i.embedder.EclipseLogger - Copying 1 resource
2016-11-27 00:07:30,880 [Worker-20] INFO  o.e.m.c.i.embedder.EclipseLogger - Using 'UTF-8' encoding to copy filtered resources.
2016-11-27 00:07:30,880 [Worker-20] INFO  o.e.m.c.i.embedder.EclipseLogger - skip non existing resourceDirectory C:\Users\crima\Desktop\Final_DAM_2016\ProyectoServidor\core\src\test\resources
2016-11-27 00:07:35,602 [Worker-21] INFO  o.e.m.i.launch.MavenLaunchDelegate - C:\Users\crima\Desktop\Final_DAM_2016\ProyectoServidor\core
2016-11-27 00:07:35,602 [Worker-21] INFO  o.e.m.i.launch.MavenLaunchDelegate -  mvn -B clean install
2016-11-27 00:08:16,895 [Worker-22] INFO  o.e.m.c.i.p.ProjectConfigurationManager - Update started
2016-11-27 00:08:19,297 [Worker-22] INFO  o.e.m.c.i.l.LifecycleMappingFactory - Using org.maven.ide.eclipse.wtp.WarLifecycleMapping lifecycle mapping for MavenProject: es.crimarde:core:0.1.0 @ C:\Users\crima\Desktop\Final_DAM_2016\ProyectoServidor\core\pom.xml.
2016-11-27 00:08:20,412 [Worker-22] INFO  o.e.m.c.i.l.LifecycleMappingFactory - Using org.eclipse.m2e.jdt.JarLifecycleMapping lifecycle mapping for MavenProject: es.crimarde:dao:0.1.0 @ C:\Users\crima\Desktop\Final_DAM_2016\ProyectoServidor\dao\pom.xml.
2016-11-27 00:08:20,840 [Worker-22] INFO  o.e.m.c.i.l.LifecycleMappingFactory - Using org.eclipse.m2e.jdt.JarLifecycleMapping lifecycle mapping for MavenProject: es.crimarde:service:0.1.0 @ C:\Users\crima\Desktop\Final_DAM_2016\ProyectoServidor\service\pom.xml.
2016-11-27 00:08:20,861 [Worker-22] INFO  o.e.m.c.i.l.LifecycleMappingFactory - Using NULL lifecycle mapping for MavenProject: es.crimarde:ServicioRest:0.1.0 @ C:\Users\crima\Desktop\Final_DAM_2016\ProyectoServidor\ServicioRest\pom.xml.
2016-11-27 00:08:24,066 [Worker-22] INFO  o.e.m.j.i.AbstractJavaProjectConfigurator - Adding source folder /core/src/main/java
2016-11-27 00:08:24,066 [Worker-22] INFO  o.e.m.j.i.AbstractJavaProjectConfigurator - Adding resource folder /core/src/main/resources
2016-11-27 00:08:24,072 [Worker-22] INFO  o.e.m.j.i.AbstractJavaProjectConfigurator - Adding resource folder /core/src/main/resources
2016-11-27 00:08:24,077 [Worker-22] INFO  o.e.m.j.i.AbstractJavaProjectConfigurator - Adding source folder /core/src/test/java
2016-11-27 00:08:25,769 [Worker-22] INFO  o.e.m.j.i.AbstractJavaProjectConfigurator - Adding source folder /dao/src/main/java
2016-11-27 00:08:25,770 [Worker-22] INFO  o.e.m.j.i.AbstractJavaProjectConfigurator - Adding resource folder /dao/src/main/resources
2016-11-27 00:08:25,794 [Worker-22] INFO  o.e.m.j.i.AbstractJavaProjectConfigurator - Adding resource folder /dao/src/main/resources
2016-11-27 00:08:25,800 [Worker-22] INFO  o.e.m.j.i.AbstractJavaProjectConfigurator - Adding source folder /dao/src/test/java
2016-11-27 00:08:25,978 [Worker-22] INFO  o.e.m.j.i.AbstractJavaProjectConfigurator - Adding source folder /service/src/main/java
2016-11-27 00:08:25,979 [Worker-22] INFO  o.e.m.j.i.AbstractJavaProjectConfigurator - Adding source folder /service/src/test/java
2016-11-27 00:08:26,432 [Worker-22] INFO  o.e.m.w.i.f.ResourceFilteringBuildParticipant - Cleaning filtered folder for core
2016-11-27 00:08:26,499 [Worker-22] INFO  o.e.m.c.i.p.ProjectConfigurationManager - Update completed: 9 sec
2016-11-27 00:08:29,314 [Worker-23] INFO  o.e.m.c.i.embedder.EclipseLogger - Using 'UTF-8' encoding to copy filtered resources.
2016-11-27 00:08:29,314 [Worker-23] INFO  o.e.m.c.i.embedder.EclipseLogger - Copying 1 resource
2016-11-27 00:08:29,393 [Worker-23] INFO  o.e.m.c.i.embedder.EclipseLogger - Copying 2 resources
2016-11-27 00:08:29,455 [Worker-23] INFO  o.e.m.c.i.embedder.EclipseLogger - Using 'UTF-8' encoding to copy filtered resources.
2016-11-27 00:08:29,459 [Worker-23] INFO  o.e.m.c.i.embedder.EclipseLogger - skip non existing resourceDirectory C:\Users\crima\Desktop\Final_DAM_2016\ProyectoServidor\dao\src\test\resources
2016-11-27 00:08:30,537 [Worker-18] INFO  o.e.m.c.i.embedder.EclipseLogger - Using 'UTF-8' encoding to copy filtered resources.
2016-11-27 00:08:30,547 [Worker-18] INFO  o.e.m.c.i.embedder.EclipseLogger - skip non existing resourceDirectory C:\Users\crima\Desktop\Final_DAM_2016\ProyectoServidor\service\src\main\resources
2016-11-27 00:08:30,551 [Worker-18] INFO  o.e.m.c.i.embedder.EclipseLogger - skip non existing resourceDirectory C:\Users\crima\Desktop\Final_DAM_2016\ProyectoServidor\service\src\main\resources
2016-11-27 00:08:30,558 [Worker-18] INFO  o.e.m.c.i.embedder.EclipseLogger - Using 'UTF-8' encoding to copy filtered resources.
2016-11-27 00:08:30,558 [Worker-18] INFO  o.e.m.c.i.embedder.EclipseLogger - skip non existing resourceDirectory C:\Users\crima\Desktop\Final_DAM_2016\ProyectoServidor\service\src\test\resources
2016-11-27 00:08:31,455 [Worker-18] INFO  o.e.m.c.i.embedder.EclipseLogger - Using 'UTF-8' encoding to copy filtered resources.
2016-11-27 00:08:31,455 [Worker-18] INFO  o.e.m.c.i.embedder.EclipseLogger - Copying 1 resource
2016-11-27 00:08:31,551 [Worker-18] INFO  o.e.m.c.i.embedder.EclipseLogger - Copying 1 resource
2016-11-27 00:08:31,563 [Worker-18] INFO  o.e.m.c.i.embedder.EclipseLogger - Using 'UTF-8' encoding to copy filtered resources.
2016-11-27 00:08:31,563 [Worker-18] INFO  o.e.m.c.i.embedder.EclipseLogger - skip non existing resourceDirectory C:\Users\crima\Desktop\Final_DAM_2016\ProyectoServidor\core\src\test\resources
2016-11-27 00:08:31,564 [Worker-18] INFO  o.e.m.w.i.f.ResourceFilteringBuildParticipant - Changed resources require a complete clean of filtered resources of core
2016-11-27 00:08:31,565 [Worker-18] INFO  o.e.m.w.i.f.ResourceFilteringBuildParticipant - Executing resource filtering for core
2016-11-27 00:08:31,572 [Worker-18] INFO  o.e.m.c.i.embedder.EclipseLogger - Using 'UTF-8' encoding to copy filtered resources.
2016-11-27 00:09:17,084 [Worker-22] INFO  o.e.m.c.i.embedder.EclipseLogger - Using 'UTF-8' encoding to copy filtered resources.
2016-11-27 00:09:17,086 [Worker-22] INFO  o.e.m.c.i.embedder.EclipseLogger - Copying 1 resource
2016-11-27 00:09:17,097 [Worker-22] INFO  o.e.m.c.i.embedder.EclipseLogger - Copying 2 resources
2016-11-27 00:09:17,109 [Worker-22] INFO  o.e.m.c.i.embedder.EclipseLogger - Using 'UTF-8' encoding to copy filtered resources.
2016-11-27 00:09:17,124 [Worker-22] INFO  o.e.m.c.i.embedder.EclipseLogger - skip non existing resourceDirectory C:\Users\crima\Desktop\Final_DAM_2016\ProyectoServidor\dao\src\test\resources
2016-11-27 00:09:17,243 [Worker-22] INFO  o.e.m.c.i.embedder.EclipseLogger - Using 'UTF-8' encoding to copy filtered resources.
2016-11-27 00:09:17,244 [Worker-22] INFO  o.e.m.c.i.embedder.EclipseLogger - skip non existing resourceDirectory C:\Users\crima\Desktop\Final_DAM_2016\ProyectoServidor\service\src\main\resources
2016-11-27 00:09:17,244 [Worker-22] INFO  o.e.m.c.i.embedder.EclipseLogger - skip non existing resourceDirectory C:\Users\crima\Desktop\Final_DAM_2016\ProyectoServidor\service\src\main\resources
2016-11-27 00:09:17,259 [Worker-22] INFO  o.e.m.c.i.embedder.EclipseLogger - Using 'UTF-8' encoding to copy filtered resources.
2016-11-27 00:09:17,259 [Worker-22] INFO  o.e.m.c.i.embedder.EclipseLogger - skip non existing resourceDirectory C:\Users\crima\Desktop\Final_DAM_2016\ProyectoServidor\service\src\test\resources
2016-11-27 00:09:17,658 [Worker-22] INFO  o.e.m.c.i.embedder.EclipseLogger - Using 'UTF-8' encoding to copy filtered resources.
2016-11-27 00:09:17,659 [Worker-22] INFO  o.e.m.c.i.embedder.EclipseLogger - Copying 1 resource
2016-11-27 00:09:17,782 [Worker-22] INFO  o.e.m.c.i.embedder.EclipseLogger - Copying 1 resource
2016-11-27 00:09:17,965 [Worker-22] INFO  o.e.m.c.i.embedder.EclipseLogger - Using 'UTF-8' encoding to copy filtered resources.
2016-11-27 00:09:17,965 [Worker-22] INFO  o.e.m.c.i.embedder.EclipseLogger - skip non existing resourceDirectory C:\Users\crima\Desktop\Final_DAM_2016\ProyectoServidor\core\src\test\resources
2016-11-27 00:09:34,025 [Worker-20] INFO  o.e.m.i.launch.MavenLaunchDelegate - C:\Users\crima\Desktop\Final_DAM_2016\ProyectoServidor\core
2016-11-27 00:09:34,025 [Worker-20] INFO  o.e.m.i.launch.MavenLaunchDelegate -  mvn -B install
2016-11-27 00:10:18,232 [Worker-20] INFO  o.e.m.c.i.embedder.EclipseLogger - Using 'UTF-8' encoding to copy filtered resources.
2016-11-27 00:10:18,233 [Worker-20] INFO  o.e.m.c.i.embedder.EclipseLogger - Copying 1 resource
2016-11-27 00:10:18,291 [Worker-20] INFO  o.e.m.c.i.embedder.EclipseLogger - Copying 1 resource
2016-11-27 00:10:18,299 [Worker-20] INFO  o.e.m.c.i.embedder.EclipseLogger - Using 'UTF-8' encoding to copy filtered resources.
2016-11-27 00:10:18,299 [Worker-20] INFO  o.e.m.c.i.embedder.EclipseLogger - skip non existing resourceDirectory C:\Users\crima\Desktop\Final_DAM_2016\ProyectoServidor\core\src\test\resources
2016-11-27 00:27:46,678 [Worker-36] INFO  o.e.m.c.i.embedder.EclipseLogger - Using 'UTF-8' encoding to copy filtered resources.
2016-11-27 00:27:46,680 [Worker-36] INFO  o.e.m.c.i.embedder.EclipseLogger - Copying 1 resource
2016-11-27 00:27:46,690 [Worker-36] INFO  o.e.m.c.i.embedder.EclipseLogger - Copying 1 resource
2016-11-27 00:27:46,700 [Worker-36] INFO  o.e.m.c.i.embedder.EclipseLogger - Using 'UTF-8' encoding to copy filtered resources.
2016-11-27 00:27:46,735 [Worker-36] INFO  o.e.m.c.i.embedder.EclipseLogger - skip non existing resourceDirectory C:\Users\crima\Desktop\Final_DAM_2016\ProyectoServidor\core\src\test\resources
2016-11-27 00:29:36,007 [Worker-27] INFO  o.e.m.c.i.embedder.EclipseLogger - Using 'UTF-8' encoding to copy filtered resources.
2016-11-27 00:29:36,008 [Worker-27] INFO  o.e.m.c.i.embedder.EclipseLogger - Copying 1 resource
2016-11-27 00:29:36,016 [Worker-27] INFO  o.e.m.c.i.embedder.EclipseLogger - Copying 1 resource
2016-11-27 00:29:36,023 [Worker-27] INFO  o.e.m.c.i.embedder.EclipseLogger - Using 'UTF-8' encoding to copy filtered resources.
2016-11-27 00:29:36,023 [Worker-27] INFO  o.e.m.c.i.embedder.EclipseLogger - skip non existing resourceDirectory C:\Users\crima\Desktop\Final_DAM_2016\ProyectoServidor\core\src\test\resources
2016-11-27 00:29:59,211 [Worker-34] INFO  o.e.m.c.i.embedder.EclipseLogger - Using 'UTF-8' encoding to copy filtered resources.
2016-11-27 00:29:59,213 [Worker-34] INFO  o.e.m.c.i.embedder.EclipseLogger - Copying 1 resource
2016-11-27 00:29:59,237 [Worker-34] INFO  o.e.m.c.i.embedder.EclipseLogger - Copying 1 resource
2016-11-27 00:29:59,241 [Worker-34] INFO  o.e.m.c.i.embedder.EclipseLogger - Using 'UTF-8' encoding to copy filtered resources.
2016-11-27 00:29:59,241 [Worker-34] INFO  o.e.m.c.i.embedder.EclipseLogger - skip non existing resourceDirectory C:\Users\crima\Desktop\Final_DAM_2016\ProyectoServidor\core\src\test\resources
2016-11-27 00:30:41,811 [Worker-27] INFO  o.e.m.c.i.embedder.EclipseLogger - Using 'UTF-8' encoding to copy filtered resources.
2016-11-27 00:30:41,812 [Worker-27] INFO  o.e.m.c.i.embedder.EclipseLogger - Copying 1 resource
2016-11-27 00:30:41,815 [Worker-27] INFO  o.e.m.c.i.embedder.EclipseLogger - Copying 1 resource
2016-11-27 00:30:41,824 [Worker-27] INFO  o.e.m.c.i.embedder.EclipseLogger - Using 'UTF-8' encoding to copy filtered resources.
2016-11-27 00:30:41,824 [Worker-27] INFO  o.e.m.c.i.embedder.EclipseLogger - skip non existing resourceDirectory C:\Users\crima\Desktop\Final_DAM_2016\ProyectoServidor\core\src\test\resources
2016-11-27 00:31:06,058 [Worker-36] INFO  o.e.m.c.i.embedder.EclipseLogger - Using 'UTF-8' encoding to copy filtered resources.
2016-11-27 00:31:06,060 [Worker-36] INFO  o.e.m.c.i.embedder.EclipseLogger - Copying 1 resource
2016-11-27 00:31:06,074 [Worker-36] INFO  o.e.m.c.i.embedder.EclipseLogger - Copying 1 resource
2016-11-27 00:31:06,090 [Worker-36] INFO  o.e.m.c.i.embedder.EclipseLogger - Using 'UTF-8' encoding to copy filtered resources.
2016-11-27 00:31:06,121 [Worker-36] INFO  o.e.m.c.i.embedder.EclipseLogger - skip non existing resourceDirectory C:\Users\crima\Desktop\Final_DAM_2016\ProyectoServidor\core\src\test\resources
